\BOOKMARK [1][-]{section.1}{\376\377\000I\000n\000t\000r\000o\000d\000u\000c\000t\000i\000o\000n}{}% 1
\BOOKMARK [2][-]{subsection.1.1}{\376\377\000C\000o\000n\000v\000e\000n\000t\000i\000o\000n\000a\000l\000\040\000L\000Q\000\040\000P\000r\000o\000d\000u\000c\000t\000i\000o\000n}{section.1}% 2
\BOOKMARK [1][-]{section.2}{\376\377\000A\000s\000y\000m\000m\000e\000t\000r\000i\000c\000\040\000P\000a\000i\000r\000\040\000P\000r\000o\000d\000u\000c\000t\000i\000o\000n}{}% 3
\BOOKMARK [2][-]{subsection.2.1}{\376\377\000T\000h\000e\000\040\000S\0001\000\040\000a\000n\000d\000\040\000R\0002\000\040\000C\000a\000s\000e}{section.2}% 4
\BOOKMARK [2][-]{subsection.2.2}{\376\377\000T\000h\000e\000\040\0002\000l\000l\000S\000S\000+\0001\000t\000a\000u\000\040\000C\000h\000a\000n\000n\000e\000l}{section.2}% 5
\BOOKMARK [1][-]{section.3}{\376\377\000M\000e\000t\000h\000o\000d\000o\000l\000o\000g\000y}{}% 6
\BOOKMARK [2][-]{subsection.3.1}{\376\377\000T\000e\000s\000t\000i\000n\000g\000\040\000a\000n\000d\000\040\000P\000r\000o\000d\000u\000c\000t\000i\000o\000n\000\040\000o\000f\000\040\000V\000a\000l\000i\000d\000a\000t\000i\000o\000n\000\040\000P\000l\000o\000t\000s}{section.3}% 7
\BOOKMARK [2][-]{subsection.3.2}{\376\377\000A\000p\000p\000r\000o\000v\000a\000l\000\040\000a\000n\000d\000\040\000S\000u\000b\000m\000i\000s\000s\000i\000o\000n\000\040\000t\000o\000\040\000t\000h\000e\000\040\000G\000r\000i\000d}{section.3}% 8
\BOOKMARK [1][-]{section.4}{\376\377\000A\000n\000a\000l\000y\000s\000i\000s}{}% 9
\BOOKMARK [2][-]{subsection.4.1}{\376\377\000t\000t\000H\000\040\000A\000n\000a\000l\000y\000s\000i\000s}{section.4}% 10
\BOOKMARK [3][-]{subsubsection.4.1.1}{\376\377\000P\000r\000e\000-\000f\000i\000t\000\040\000Y\000i\000e\000l\000d\000s\000\040\000a\000n\000d\000\040\000S\000m\000a\000l\000l\000\040\000N\000t\000u\000p\000l\000e\000s}{subsection.4.1}% 11
\BOOKMARK [3][-]{subsubsection.4.1.2}{\376\377\000M\000o\000d\000e\000l\000\040\000T\000r\000a\000i\000n\000i\000n\000g\000\040\000a\000n\000d\000\040\000F\000r\000i\000e\000n\000d\000\040\000N\000t\000u\000p\000l\000e\000s}{subsection.4.1}% 12
\BOOKMARK [2][-]{subsection.4.2}{\376\377\000P\000r\000o\000b\000a\000b\000i\000l\000i\000t\000y\000\040\000D\000i\000s\000t\000r\000i\000b\000u\000t\000i\000o\000n\000s\000\040\000a\000n\000d\000\040\000S\000t\000a\000t\000i\000s\000t\000i\000c\000a\000l\000\040\000U\000n\000c\000e\000r\000t\000a\000i\000n\000t\000i\000e\000s}{section.4}% 13
\BOOKMARK [2][-]{subsection.4.3}{\376\377\000L\000Q\000\040\000A\000n\000a\000l\000y\000s\000i\000s}{section.4}% 14
\BOOKMARK [1][-]{section.5}{\376\377\000D\000i\000s\000c\000u\000s\000s\000i\000o\000n}{}% 15
\BOOKMARK [1][-]{appendix.A}{\376\377\000L\000i\000s\000t\000\040\000o\000f\000\040\000D\000S\000I\000D\000s\000\040\000C\000o\000n\000s\000i\000d\000e\000r\000e\000d\000\040\000f\000o\000r\000\040\000A\000n\000a\000l\000y\000s\000i\000s}{}% 16
\BOOKMARK [1][-]{appendix.B}{\376\377\000A\000d\000d\000i\000t\000i\000o\000n\000a\000l\000\040\000R\000e\000g\000i\000o\000n\000\040\000P\000l\000o\000t\000s}{}% 17
\BOOKMARK [1][-]{appendix.C}{\376\377\000R\000e\000l\000.\0002\0001\000\040\000B\000r\000a\000n\000c\000h\000e\000s\000\040\000M\000i\000s\000s\000i\000n\000g\000/\000R\000e\000n\000a\000m\000e\000d\000\040\000f\000r\000o\000m\000\040\000R\000e\000l\000.\0002\0002}{}% 18
\BOOKMARK [2][-]{subsection.C.1}{\376\377\000P\000r\000e\000-\000S\000e\000l\000e\000c\000t\000i\000o\000n\000\040\000C\000r\000i\000t\000e\000r\000i\000a}{appendix.C}% 19
\BOOKMARK [2][-]{subsection.C.2}{\376\377\000T\000r\000a\000i\000n\000i\000n\000g\000\040\000F\000e\000a\000t\000u\000r\000e\000s}{appendix.C}% 20
