This is LuaHBTeX, Version 1.18.0 (TeX Live 2024)  (format=lualatex 2024.5.16)  6 AUG 2024 22:00
 system commands enabled.
 file:line:error style messages enabled.
**/home/champson/Documents/CERN/Report/Report.tex
(/home/champson/Documents/CERN/Report/Report.tex
LaTeX2e <2023-11-01> patch level 1
L3 programming layer <2024-04-11>
Lua module: luaotfload 2024-02-14 3.28 Lua based OpenType font support
Lua module: lualibs 2023-07-13 2.76 ConTeXt Lua standard libraries.
Lua module: lualibs-extended 2023-07-13 2.76 ConTeXt Lua libraries -- extended collection.
luaotfload | conf : Root cache directory is "/usr/local/texlive/2024/texmf-var/luatex-cache/generic/names".
luaotfload | init : Loading fontloader "fontloader-2023-12-28.lua" from kpse-resolved path "/usr/local/texlive/2024/texmf-dist/tex/luatex/luaotfload/fontloader-2023-12-28.lua".
Lua-only attribute luaotfload@noligature = 1
luaotfload | init : Context OpenType loader version 3.134
Inserting `luaotfload.node_processor' in `pre_linebreak_filter'.
Inserting `luaotfload.node_processor' in `hpack_filter'.
Inserting `luaotfload.glyph_stream' in `glyph_stream_provider'.
Inserting `luaotfload.define_font' in `define_font'.
Lua-only attribute luaotfload_color_attribute = 2
luaotfload | conf : Root cache directory is "/usr/local/texlive/2024/texmf-var/luatex-cache/generic/names".
Inserting `luaotfload.harf.strip_prefix' in `find_opentype_file'.
Inserting `luaotfload.harf.strip_prefix' in `find_truetype_file'.
Removing  `luaotfload.glyph_stream' from `glyph_stream_provider'.
Inserting `luaotfload.harf.glyphstream' in `glyph_stream_provider'.
Inserting `luaotfload.harf.finalize_vlist' in `post_linebreak_filter'.
Inserting `luaotfload.harf.finalize_hlist' in `hpack_filter'.
Inserting `luaotfload.cleanup_files' in `wrapup_run'.
Inserting `luaotfload.harf.finalize_unicode' in `finish_pdffile'.
Inserting `luaotfload.glyphinfo' in `glyph_info'.
Lua-only attribute luaotfload.letterspace_done = 3
Inserting `luaotfload.aux.set_sscale_dimens' in `luaotfload.patch_font'.
Inserting `luaotfload.aux.set_font_index' in `luaotfload.patch_font'.
Inserting `luaotfload.aux.patch_cambria_domh' in `luaotfload.patch_font'.
Inserting `luaotfload.aux.fixup_fontdata' in `luaotfload.patch_font_unsafe'.
Inserting `luaotfload.aux.set_capheight' in `luaotfload.patch_font'.
Inserting `luaotfload.aux.set_xheight' in `luaotfload.patch_font'.
Inserting `luaotfload.rewrite_fontname' in `luaotfload.patch_font'.
Inserting `tracingstacklevels' in `input_level_string'. (/usr/local/texlive/2024/texmf-dist/tex/latex/base/article.cls
Document Class: article 2023/05/17 v1.4n Standard LaTeX document class
(/usr/local/texlive/2024/texmf-dist/tex/latex/base/size10.clo
File: size10.clo 2023/05/17 v1.4n Standard LaTeX file (size option)
luaotfload | db : Font names database loaded from /usr/local/texlive/2024/texmf-var/luatex-cache/generic/names/luaotfload-names.luc.gz)
\c@part=\count187
\c@section=\count188
\c@subsection=\count189
\c@subsubsection=\count190
\c@paragraph=\count191
\c@subparagraph=\count192
\c@figure=\count193
\c@table=\count194
\abovecaptionskip=\skip48
\belowcaptionskip=\skip49
\bibindent=\dimen139
) (/usr/local/texlive/2024/texmf-dist/tex/latex/import/import.sty
Package: import 2020/04/01  v 6.2
) (./Preamble.sty
Package: Preamble 
 (/usr/local/texlive/2024/texmf-dist/tex/latex/geometry/geometry.sty
Package: geometry 2020/01/02 v5.9 Page Geometry
 (/usr/local/texlive/2024/texmf-dist/tex/latex/graphics/keyval.sty
Package: keyval 2022/05/29 v1.15 key=value parser (DPC)
\KV@toks@=\toks17
) (/usr/local/texlive/2024/texmf-dist/tex/generic/iftex/ifvtex.sty
Package: ifvtex 2019/10/25 v1.7 ifvtex legacy package. Use iftex instead.
 (/usr/local/texlive/2024/texmf-dist/tex/generic/iftex/iftex.sty
Package: iftex 2022/02/03 v1.0f TeX engine tests
))
\Gm@cnth=\count195
\Gm@cntv=\count196
\c@Gm@tempcnt=\count197
\Gm@bindingoffset=\dimen140
\Gm@wd@mp=\dimen141
\Gm@odd@mp=\dimen142
\Gm@even@mp=\dimen143
\Gm@layoutwidth=\dimen144
\Gm@layoutheight=\dimen145
\Gm@layouthoffset=\dimen146
\Gm@layoutvoffset=\dimen147
\Gm@dimlist=\toks18
) (/usr/local/texlive/2024/texmf-dist/tex/latex/cite/cite.sty
LaTeX Info: Redefining \cite on input line 302.
LaTeX Info: Redefining \nocite on input line 332.
Package: cite 2015/02/27  v 5.5
) (/usr/local/texlive/2024/texmf-dist/tex/generic/soul/soul.sty
Package: soul 2023-06-14 v3.1 Permit use of UTF-8 characters in soul (HO)
 (/usr/local/texlive/2024/texmf-dist/tex/generic/soul/soul-ori.sty
Package: soul-ori 2023-06-14 v3.1 letterspacing/underlining (mf)
\SOUL@word=\toks19
\SOUL@lasttoken=\toks20
\SOUL@syllable=\toks21
\SOUL@cmds=\toks22
\SOUL@buffer=\toks23
\SOUL@token=\toks24
\SOUL@syllgoal=\dimen148
\SOUL@syllwidth=\dimen149
\SOUL@charkern=\dimen150
\SOUL@hyphkern=\dimen151
\SOUL@dimen=\dimen152
\SOUL@dimeni=\dimen153
\SOUL@minus=\count198
\SOUL@comma=\count199
\SOUL@apo=\count266
\SOUL@grave=\count267
\SOUL@spaceskip=\skip50
\SOUL@ttwidth=\dimen154
\SOUL@uldp=\dimen155
\SOUL@ulht=\dimen156
) (/usr/local/texlive/2024/texmf-dist/tex/generic/infwarerr/infwarerr.sty
Package: infwarerr 2019/12/03 v1.5 Providing info/warning/error messages (HO)
) (/usr/local/texlive/2024/texmf-dist/tex/generic/etexcmds/etexcmds.sty
Package: etexcmds 2019/12/15 v1.7 Avoid name clashes with e-TeX commands (HO)
)) (/usr/local/texlive/2024/texmf-dist/tex/latex/hyperref/hyperref.sty
Package: hyperref 2024-01-20 v7.01h Hypertext links for LaTeX
 (/usr/local/texlive/2024/texmf-dist/tex/latex/kvsetkeys/kvsetkeys.sty
Package: kvsetkeys 2022-10-05 v1.19 Key value parser (HO)
) (/usr/local/texlive/2024/texmf-dist/tex/generic/kvdefinekeys/kvdefinekeys.sty
Package: kvdefinekeys 2019-12-19 v1.6 Define keys (HO)
) (/usr/local/texlive/2024/texmf-dist/tex/generic/pdfescape/pdfescape.sty
Package: pdfescape 2019/12/09 v1.15 Implements pdfTeX's escape features (HO)
 (/usr/local/texlive/2024/texmf-dist/tex/generic/ltxcmds/ltxcmds.sty
Package: ltxcmds 2023-12-04 v1.26 LaTeX kernel commands for general use (HO)
) (/usr/local/texlive/2024/texmf-dist/tex/generic/pdftexcmds/pdftexcmds.sty
Package: pdftexcmds 2020-06-27 v0.33 Utility functions of pdfTeX for LuaTeX (HO)
Package pdftexcmds Info: \pdf@primitive is available.
Package pdftexcmds Info: \pdf@ifprimitive is available.
Package pdftexcmds Info: \pdfdraftmode found.
\pdftexcmds@toks=\toks25
)) (/usr/local/texlive/2024/texmf-dist/tex/latex/hycolor/hycolor.sty
Package: hycolor 2020-01-27 v1.10 Color options for hyperref/bookmark (HO)
) (/usr/local/texlive/2024/texmf-dist/tex/latex/auxhook/auxhook.sty
Package: auxhook 2019-12-17 v1.6 Hooks for auxiliary files (HO)
) (/usr/local/texlive/2024/texmf-dist/tex/latex/hyperref/nameref.sty
Package: nameref 2023-11-26 v2.56 Cross-referencing by name of section
 (/usr/local/texlive/2024/texmf-dist/tex/latex/refcount/refcount.sty
Package: refcount 2019/12/15 v3.6 Data extraction from label references (HO)
) (/usr/local/texlive/2024/texmf-dist/tex/generic/gettitlestring/gettitlestring.sty
Package: gettitlestring 2019/12/15 v1.6 Cleanup title references (HO)
 (/usr/local/texlive/2024/texmf-dist/tex/latex/kvoptions/kvoptions.sty
Package: kvoptions 2022-06-15 v3.15 Key value format for package options (HO)
))
\c@section@level=\count268
) (/usr/local/texlive/2024/texmf-dist/tex/latex/etoolbox/etoolbox.sty
Package: etoolbox 2020/10/05 v2.5k e-TeX tools for LaTeX (JAW)
\etb@tempcnta=\count269
)
\@linkdim=\dimen157
\Hy@linkcounter=\count270
\Hy@pagecounter=\count271
 (/usr/local/texlive/2024/texmf-dist/tex/latex/hyperref/pd1enc.def
File: pd1enc.def 2024-01-20 v7.01h Hyperref: PDFDocEncoding definition (HO)
) (/usr/local/texlive/2024/texmf-dist/tex/generic/intcalc/intcalc.sty
Package: intcalc 2019/12/15 v1.3 Expandable calculations with integers (HO)
)
\Hy@SavedSpaceFactor=\count272
 (/usr/local/texlive/2024/texmf-dist/tex/latex/hyperref/puenc.def
File: puenc.def 2024-01-20 v7.01h Hyperref: PDF Unicode definition (HO)
)
Package hyperref Info: Hyper figures OFF on input line 4179.
Package hyperref Info: Link nesting OFF on input line 4184.
Package hyperref Info: Hyper index ON on input line 4187.
Package hyperref Info: Plain pages OFF on input line 4194.
Package hyperref Info: Backreferencing OFF on input line 4199.
Package hyperref Info: Implicit mode ON; LaTeX internals redefined.
Package hyperref Info: Bookmarks ON on input line 4446.
\c@Hy@tempcnt=\count273
 (/usr/local/texlive/2024/texmf-dist/tex/latex/url/url.sty
\Urlmuskip=\muskip16
Package: url 2013/09/16  ver 3.4  Verb mode for urls, etc.
)
LaTeX Info: Redefining \url on input line 4784.
\XeTeXLinkMargin=\dimen158
 (/usr/local/texlive/2024/texmf-dist/tex/generic/bitset/bitset.sty
Package: bitset 2019/12/09 v1.3 Handle bit-vector datatype (HO)
 (/usr/local/texlive/2024/texmf-dist/tex/generic/bigintcalc/bigintcalc.sty
Package: bigintcalc 2019/12/15 v1.5 Expandable calculations on big integers (HO)
))
\Fld@menulength=\count274
\Field@Width=\dimen159
\Fld@charsize=\dimen160
Package hyperref Info: Hyper figures OFF on input line 6063.
Package hyperref Info: Link nesting OFF on input line 6068.
Package hyperref Info: Hyper index ON on input line 6071.
Package hyperref Info: backreferencing OFF on input line 6078.
Package hyperref Info: Link coloring OFF on input line 6083.
Package hyperref Info: Link coloring with OCG OFF on input line 6088.
Package hyperref Info: PDF/A mode OFF on input line 6093.
 (/usr/local/texlive/2024/texmf-dist/tex/latex/base/atbegshi-ltx.sty
Package: atbegshi-ltx 2021/01/10 v1.0c Emulation of the original atbegshi
package with kernel methods
)
\Hy@abspage=\count275
\c@Item=\count276
\c@Hfootnote=\count277
)
Package hyperref Info: Driver (autodetected): hluatex.
 (/usr/local/texlive/2024/texmf-dist/tex/latex/hyperref/hluatex.def
File: hluatex.def 2024-01-20 v7.01h Hyperref driver for luaTeX
 (/usr/local/texlive/2024/texmf-dist/tex/generic/stringenc/stringenc.sty
Package: stringenc 2019/11/29 v1.12 Convert strings between diff. encodings (HO)
) (/usr/local/texlive/2024/texmf-dist/tex/latex/base/atveryend-ltx.sty
Package: atveryend-ltx 2020/08/19 v1.0a Emulation of the original atveryend package
with kernel methods
)
\Fld@listcount=\count278
\c@bookmark@seq@number=\count279
 (/usr/local/texlive/2024/texmf-dist/tex/latex/rerunfilecheck/rerunfilecheck.sty
Package: rerunfilecheck 2022-07-10 v1.10 Rerun checks for auxiliary files (HO)
 (/usr/local/texlive/2024/texmf-dist/tex/generic/uniquecounter/uniquecounter.sty
Package: uniquecounter 2019/12/15 v1.4 Provide unlimited unique counter (HO)
)
Package uniquecounter Info: New unique counter `rerunfilecheck' on input line 285.
)
\Hy@SectionHShift=\skip51
) (/usr/local/texlive/2024/texmf-dist/tex/latex/caption/caption.sty
Package: caption 2023/08/05 v3.6o Customizing captions (AR)
 (/usr/local/texlive/2024/texmf-dist/tex/latex/caption/caption3.sty
Package: caption3 2023/07/31 v2.4d caption3 kernel (AR)
\caption@tempdima=\dimen161
\captionmargin=\dimen162
\caption@leftmargin=\dimen163
\caption@rightmargin=\dimen164
\caption@width=\dimen165
\caption@indent=\dimen166
\caption@parindent=\dimen167
\caption@hangindent=\dimen168
Package caption Info: Standard document class detected.
)
\c@caption@flags=\count280
\c@continuedfloat=\count281
Package caption Info: hyperref package is loaded.
) (/usr/local/texlive/2024/texmf-dist/tex/latex/caption/subcaption.sty
Package: subcaption 2023/07/28 v1.6b Sub-captions (AR)
Package caption Info: New subtype `subfigure' on input line 238.
\c@subfigure=\count282
Package caption Info: New subtype `subtable' on input line 238.
\c@subtable=\count283
) (/usr/local/texlive/2024/texmf-dist/tex/latex/multirow/multirow.sty
Package: multirow 2021/03/15 v2.8 Span multiple rows of a table
\multirow@colwidth=\skip52
\multirow@cntb=\count284
\multirow@dima=\skip53
\bigstrutjot=\dimen169
) (/usr/local/texlive/2024/texmf-dist/tex/latex/tools/multicol.sty
Package: multicol 2023/03/30 v1.9f multicolumn formatting (FMi)
\c@tracingmulticols=\count285
\mult@box=\box51
\multicol@leftmargin=\dimen170
\c@unbalance=\count286
\c@collectmore=\count287
\doublecol@number=\count288
\multicoltolerance=\count289
\multicolpretolerance=\count290
\full@width=\dimen171
\page@free=\dimen172
\premulticols=\dimen173
\postmulticols=\dimen174
\multicolsep=\skip54
\multicolbaselineskip=\skip55
\partial@page=\box52
\last@line=\box53
\mc@boxedresult=\box54
\maxbalancingoverflow=\dimen175
\mult@rightbox=\box55
\mult@grightbox=\box56
\mult@firstbox=\box57
\mult@gfirstbox=\box58
\@tempa=\box59
\@tempa=\box60
\@tempa=\box61
\@tempa=\box62
\@tempa=\box63
\@tempa=\box64
\@tempa=\box65
\@tempa=\box66
\@tempa=\box67
\@tempa=\box68
\@tempa=\box69
\@tempa=\box70
\@tempa=\box71
\@tempa=\box72
\@tempa=\box73
\@tempa=\box74
\@tempa=\box75
\@tempa=\box76
\@tempa=\box77
\@tempa=\box78
\@tempa=\box79
\@tempa=\box80
\@tempa=\box81
\@tempa=\box82
\@tempa=\box83
\@tempa=\box84
\@tempa=\box85
\@tempa=\box86
\@tempa=\box87
\@tempa=\box88
\@tempa=\box89
\@tempa=\box90
\@tempa=\box91
\@tempa=\box92
\@tempa=\box93
\@tempa=\box94
\c@minrows=\count291
\c@columnbadness=\count292
\c@finalcolumnbadness=\count293
\last@try=\dimen176
\multicolovershoot=\dimen177
\multicolundershoot=\dimen178
\mult@nat@firstbox=\box95
\colbreak@box=\box96
\mc@col@check@num=\count294
) (/usr/local/texlive/2024/texmf-dist/tex/latex/enumitem/enumitem.sty
Package: enumitem 2019/06/20 v3.9 Customized lists
\labelindent=\skip56
\enit@outerparindent=\dimen179
\enit@toks=\toks26
\enit@inbox=\box97
\enit@count@id=\count295
\enitdp@description=\count296
) (/usr/local/texlive/2024/texmf-dist/tex/latex/amsmath/amsmath.sty
Package: amsmath 2023/05/13 v2.17o AMS math features
\@mathmargin=\skip57

For additional information on amsmath, use the `?' option.
(/usr/local/texlive/2024/texmf-dist/tex/latex/amsmath/amstext.sty
Package: amstext 2021/08/26 v2.01 AMS text
 (/usr/local/texlive/2024/texmf-dist/tex/latex/amsmath/amsgen.sty
File: amsgen.sty 1999/11/30 v2.0 generic functions
\@emptytoks=\toks27
\ex@=\dimen180
)) (/usr/local/texlive/2024/texmf-dist/tex/latex/amsmath/amsbsy.sty
Package: amsbsy 1999/11/29 v1.2d Bold Symbols
\pmbraise@=\dimen181
) (/usr/local/texlive/2024/texmf-dist/tex/latex/amsmath/amsopn.sty
Package: amsopn 2022/04/08 v2.04 operator names
)
\inf@bad=\count297
LaTeX Info: Redefining \frac on input line 236.
\uproot@=\count298
\leftroot@=\count299
LaTeX Info: Redefining \overline on input line 399.
LaTeX Info: Redefining \colon on input line 410.
\classnum@=\count300
\DOTSCASE@=\count301
LaTeX Info: Redefining \ldots on input line 496.
LaTeX Info: Redefining \dots on input line 499.
LaTeX Info: Redefining \cdots on input line 620.
\Mathstrutbox@=\box98
\strutbox@=\box99
LaTeX Info: Redefining \big on input line 722.
LaTeX Info: Redefining \Big on input line 723.
LaTeX Info: Redefining \bigg on input line 724.
LaTeX Info: Redefining \Bigg on input line 725.
\big@size=\dimen182
LaTeX Font Info:    Redeclaring font encoding OML on input line 743.
LaTeX Font Info:    Redeclaring font encoding OMS on input line 744.
\macc@depth=\count302
LaTeX Info: Redefining \bmod on input line 905.
LaTeX Info: Redefining \pmod on input line 910.
LaTeX Info: Redefining \smash on input line 940.
LaTeX Info: Redefining \relbar on input line 970.
LaTeX Info: Redefining \Relbar on input line 971.
\c@MaxMatrixCols=\count303
\dotsspace@=\muskip17
\c@parentequation=\count304
\dspbrk@lvl=\count305
\tag@help=\toks28
\row@=\count306
\column@=\count307
\maxfields@=\count308
\andhelp@=\toks29
\eqnshift@=\dimen183
\alignsep@=\dimen184
\tagshift@=\dimen185
\tagwidth@=\dimen186
\totwidth@=\dimen187
\lineht@=\dimen188
\@envbody=\toks30
\multlinegap=\skip58
\multlinetaggap=\skip59
\mathdisplay@stack=\toks31
LaTeX Info: Redefining \[ on input line 2953.
LaTeX Info: Redefining \] on input line 2954.
) (/usr/local/texlive/2024/texmf-dist/tex/latex/amsfonts/amssymb.sty
Package: amssymb 2013/01/14 v3.01 AMS font symbols
 (/usr/local/texlive/2024/texmf-dist/tex/latex/amsfonts/amsfonts.sty
Package: amsfonts 2013/01/14 v3.01 Basic AMSFonts support
\symAMSa=\mathgroup4
\symAMSb=\mathgroup5
LaTeX Font Info:    Redeclaring math symbol \hbar on input line 98.
LaTeX Font Info:    Overwriting math alphabet `\mathfrak' in version `bold'
(Font)                  U/euf/m/n --> U/euf/b/n on input line 106.
)) (/usr/local/texlive/2024/texmf-dist/tex/latex/siunitx/siunitx.sty
Package: siunitx 2024-05-06 v3.3.17 A comprehensive (SI) units package
\l__siunitx_number_uncert_offset_int=\count309
\l__siunitx_number_exponent_fixed_int=\count310
\l__siunitx_number_min_decimal_int=\count311
\l__siunitx_number_min_integer_int=\count312
\l__siunitx_number_round_precision_int=\count313
\l__siunitx_number_lower_threshold_int=\count314
\l__siunitx_number_upper_threshold_int=\count315
\l__siunitx_number_group_first_int=\count316
\l__siunitx_number_group_size_int=\count317
\l__siunitx_number_group_minimum_int=\count318
\l__siunitx_angle_tmp_dim=\dimen189
\l__siunitx_angle_marker_box=\box100
\l__siunitx_angle_unit_box=\box101
\l__siunitx_compound_count_int=\count319
\l__siunitx_table_tmp_box=\box102
\l__siunitx_table_tmp_dim=\dimen190
\l__siunitx_table_column_width_dim=\dimen191
\l__siunitx_table_integer_box=\box103
\l__siunitx_table_decimal_box=\box104
\l__siunitx_table_uncert_box=\box105
\l__siunitx_table_before_box=\box106
\l__siunitx_table_after_box=\box107
\l__siunitx_table_before_dim=\dimen192
\l__siunitx_table_carry_dim=\dimen193
\l__siunitx_unit_tmp_int=\count320
\l__siunitx_unit_position_int=\count321
\l__siunitx_unit_total_int=\count322
 (/usr/local/texlive/2024/texmf-dist/tex/latex/tools/array.sty
Package: array 2023/10/16 v2.5g Tabular extension package (FMi)
\col@sep=\dimen194
\ar@mcellbox=\box108
\extrarowheight=\dimen195
\NC@list=\toks32
\extratabsurround=\skip60
\backup@length=\skip61
\ar@cellbox=\box109
)) (/usr/local/texlive/2024/texmf-dist/tex/latex/mathtools/mathtools.sty
Package: mathtools 2024/03/11 v1.30 mathematical typesetting tools
 (/usr/local/texlive/2024/texmf-dist/tex/latex/tools/calc.sty
Package: calc 2023/07/08 v4.3 Infix arithmetic (KKT,FJ)
\calc@Acount=\count323
\calc@Bcount=\count324
\calc@Adimen=\dimen196
\calc@Bdimen=\dimen197
\calc@Askip=\skip62
\calc@Bskip=\skip63
LaTeX Info: Redefining \setlength on input line 80.
LaTeX Info: Redefining \addtolength on input line 81.
\calc@Ccount=\count325
\calc@Cskip=\skip64
) (/usr/local/texlive/2024/texmf-dist/tex/latex/mathtools/mhsetup.sty
Package: mhsetup 2021/03/18 v1.4 programming setup (MH)
)
\g_MT_multlinerow_int=\count326
\l_MT_multwidth_dim=\dimen198
\origjot=\skip65
\l_MT_shortvdotswithinadjustabove_dim=\dimen199
\l_MT_shortvdotswithinadjustbelow_dim=\dimen256
\l_MT_above_intertext_sep=\dimen257
\l_MT_below_intertext_sep=\dimen258
\l_MT_above_shortintertext_sep=\dimen259
\l_MT_below_shortintertext_sep=\dimen260
\xmathstrut@box=\box110
\xmathstrut@dim=\dimen261
) (/usr/local/texlive/2024/texmf-dist/tex/latex/tools/bm.sty
Package: bm 2023/07/08 v1.2f Bold Symbol Support (DPC/FMi)
\symboldoperators=\mathgroup6
\symboldletters=\mathgroup7
\symboldsymbols=\mathgroup8
Package bm Info: No bold for \OMX/cmex/m/n, using \pmb.
Package bm Info: No bold for \U/msa/m/n, using \pmb.
Package bm Info: No bold for \U/msb/m/n, using \pmb.
LaTeX Font Info:    Redeclaring math alphabet \mathbf on input line 149.
) (/usr/local/texlive/2024/texmf-dist/tex/latex/tikz-feynman/tikz-feynman.sty
Package: tikz-feynman 2016/02/05v1.1.0Feynman diagrams with TikZ
 (/usr/local/texlive/2024/texmf-dist/tex/latex/pgf/frontendlayer/tikz.sty (/usr/local/texlive/2024/texmf-dist/tex/latex/pgf/basiclayer/pgf.sty (/usr/local/texlive/2024/texmf-dist/tex/latex/pgf/utilities/pgfrcs.sty (/usr/local/texlive/2024/texmf-dist/tex/generic/pgf/utilities/pgfutil-common.tex
\pgfutil@everybye=\toks33
\pgfutil@tempdima=\dimen262
\pgfutil@tempdimb=\dimen263
) (/usr/local/texlive/2024/texmf-dist/tex/generic/pgf/utilities/pgfutil-latex.def
\pgfutil@abb=\box111
) (/usr/local/texlive/2024/texmf-dist/tex/generic/pgf/utilities/pgfrcs.code.tex (/usr/local/texlive/2024/texmf-dist/tex/generic/pgf/pgf.revision.tex)
Package: pgfrcs 2023-01-15 v3.1.10 (3.1.10)
))
Package: pgf 2023-01-15 v3.1.10 (3.1.10)
 (/usr/local/texlive/2024/texmf-dist/tex/latex/pgf/basiclayer/pgfcore.sty (/usr/local/texlive/2024/texmf-dist/tex/latex/graphics/graphicx.sty
Package: graphicx 2021/09/16 v1.2d Enhanced LaTeX Graphics (DPC,SPQR)
 (/usr/local/texlive/2024/texmf-dist/tex/latex/graphics/graphics.sty
Package: graphics 2022/03/10 v1.4e Standard LaTeX Graphics (DPC,SPQR)
 (/usr/local/texlive/2024/texmf-dist/tex/latex/graphics/trig.sty
Package: trig 2021/08/11 v1.11 sin cos tan (DPC)
) (/usr/local/texlive/2024/texmf-dist/tex/latex/graphics-cfg/graphics.cfg
File: graphics.cfg 2016/06/04 v1.11 sample graphics configuration
)
Package graphics Info: Driver file: luatex.def on input line 107.
 (/usr/local/texlive/2024/texmf-dist/tex/latex/graphics-def/luatex.def
File: luatex.def 2024/04/13 v1.2e Graphics/color driver for luatex
))
\Gin@req@height=\dimen264
\Gin@req@width=\dimen265
) (/usr/local/texlive/2024/texmf-dist/tex/latex/pgf/systemlayer/pgfsys.sty (/usr/local/texlive/2024/texmf-dist/tex/generic/pgf/systemlayer/pgfsys.code.tex
Package: pgfsys 2023-01-15 v3.1.10 (3.1.10)
 (/usr/local/texlive/2024/texmf-dist/tex/generic/pgf/utilities/pgfkeys.code.tex
\pgfkeys@pathtoks=\toks34
\pgfkeys@temptoks=\toks35
 (/usr/local/texlive/2024/texmf-dist/tex/generic/pgf/utilities/pgfkeyslibraryfiltered.code.tex
\pgfkeys@tmptoks=\toks36
))
\pgf@x=\dimen266
\pgf@y=\dimen267
\pgf@xa=\dimen268
\pgf@ya=\dimen269
\pgf@xb=\dimen270
\pgf@yb=\dimen271
\pgf@xc=\dimen272
\pgf@yc=\dimen273
\pgf@xd=\dimen274
\pgf@yd=\dimen275
\w@pgf@writea=\write3
\r@pgf@reada=\read2
\c@pgf@counta=\count327
\c@pgf@countb=\count328
\c@pgf@countc=\count329
\c@pgf@countd=\count330
\t@pgf@toka=\toks37
\t@pgf@tokb=\toks38
\t@pgf@tokc=\toks39
\pgf@sys@id@count=\count331
 (/usr/local/texlive/2024/texmf-dist/tex/generic/pgf/systemlayer/pgf.cfg
File: pgf.cfg 2023-01-15 v3.1.10 (3.1.10)
)
Driver file for pgf: pgfsys-luatex.def
 (/usr/local/texlive/2024/texmf-dist/tex/generic/pgf/systemlayer/pgfsys-luatex.def
File: pgfsys-luatex.def 2023-01-15 v3.1.10 (3.1.10)
 (/usr/local/texlive/2024/texmf-dist/tex/generic/pgf/systemlayer/pgfsys-common-pdf.def
File: pgfsys-common-pdf.def 2023-01-15 v3.1.10 (3.1.10)
))) (/usr/local/texlive/2024/texmf-dist/tex/generic/pgf/systemlayer/pgfsyssoftpath.code.tex
File: pgfsyssoftpath.code.tex 2023-01-15 v3.1.10 (3.1.10)
\pgfsyssoftpath@smallbuffer@items=\count332
\pgfsyssoftpath@bigbuffer@items=\count333
) (/usr/local/texlive/2024/texmf-dist/tex/generic/pgf/systemlayer/pgfsysprotocol.code.tex
File: pgfsysprotocol.code.tex 2023-01-15 v3.1.10 (3.1.10)
)) (/usr/local/texlive/2024/texmf-dist/tex/latex/xcolor/xcolor.sty
Package: xcolor 2023/11/15 v3.01 LaTeX color extensions (UK)
 (/usr/local/texlive/2024/texmf-dist/tex/latex/graphics-cfg/color.cfg
File: color.cfg 2016/01/02 v1.6 sample color configuration
)
Package xcolor Info: Driver file: luatex.def on input line 274.
 (/usr/local/texlive/2024/texmf-dist/tex/latex/graphics/mathcolor.ltx)
Package xcolor Info: Model `cmy' substituted by `cmy0' on input line 1350.
Package xcolor Info: Model `hsb' substituted by `rgb' on input line 1354.
Package xcolor Info: Model `RGB' extended on input line 1366.
Package xcolor Info: Model `HTML' substituted by `rgb' on input line 1368.
Package xcolor Info: Model `Hsb' substituted by `hsb' on input line 1369.
Package xcolor Info: Model `tHsb' substituted by `hsb' on input line 1370.
Package xcolor Info: Model `HSB' substituted by `hsb' on input line 1371.
Package xcolor Info: Model `Gray' substituted by `gray' on input line 1372.
Package xcolor Info: Model `wave' substituted by `hsb' on input line 1373.
) (/usr/local/texlive/2024/texmf-dist/tex/generic/pgf/basiclayer/pgfcore.code.tex
Package: pgfcore 2023-01-15 v3.1.10 (3.1.10)
 (/usr/local/texlive/2024/texmf-dist/tex/generic/pgf/math/pgfmath.code.tex (/usr/local/texlive/2024/texmf-dist/tex/generic/pgf/math/pgfmathutil.code.tex) (/usr/local/texlive/2024/texmf-dist/tex/generic/pgf/math/pgfmathparser.code.tex
\pgfmath@dimen=\dimen276
\pgfmath@count=\count334
\pgfmath@box=\box112
\pgfmath@toks=\toks40
\pgfmath@stack@operand=\toks41
\pgfmath@stack@operation=\toks42
) (/usr/local/texlive/2024/texmf-dist/tex/generic/pgf/math/pgfmathfunctions.code.tex) (/usr/local/texlive/2024/texmf-dist/tex/generic/pgf/math/pgfmathfunctions.basic.code.tex) (/usr/local/texlive/2024/texmf-dist/tex/generic/pgf/math/pgfmathfunctions.trigonometric.code.tex) (/usr/local/texlive/2024/texmf-dist/tex/generic/pgf/math/pgfmathfunctions.random.code.tex) (/usr/local/texlive/2024/texmf-dist/tex/generic/pgf/math/pgfmathfunctions.comparison.code.tex) (/usr/local/texlive/2024/texmf-dist/tex/generic/pgf/math/pgfmathfunctions.base.code.tex) (/usr/local/texlive/2024/texmf-dist/tex/generic/pgf/math/pgfmathfunctions.round.code.tex) (/usr/local/texlive/2024/texmf-dist/tex/generic/pgf/math/pgfmathfunctions.misc.code.tex) (/usr/local/texlive/2024/texmf-dist/tex/generic/pgf/math/pgfmathfunctions.integerarithmetics.code.tex) (/usr/local/texlive/2024/texmf-dist/tex/generic/pgf/math/pgfmathcalc.code.tex) (/usr/local/texlive/2024/texmf-dist/tex/generic/pgf/math/pgfmathfloat.code.tex
\c@pgfmathroundto@lastzeros=\count335
)) (/usr/local/texlive/2024/texmf-dist/tex/generic/pgf/math/pgfint.code.tex) (/usr/local/texlive/2024/texmf-dist/tex/generic/pgf/basiclayer/pgfcorepoints.code.tex
File: pgfcorepoints.code.tex 2023-01-15 v3.1.10 (3.1.10)
\pgf@picminx=\dimen277
\pgf@picmaxx=\dimen278
\pgf@picminy=\dimen279
\pgf@picmaxy=\dimen280
\pgf@pathminx=\dimen281
\pgf@pathmaxx=\dimen282
\pgf@pathminy=\dimen283
\pgf@pathmaxy=\dimen284
\pgf@xx=\dimen285
\pgf@xy=\dimen286
\pgf@yx=\dimen287
\pgf@yy=\dimen288
\pgf@zx=\dimen289
\pgf@zy=\dimen290
) (/usr/local/texlive/2024/texmf-dist/tex/generic/pgf/basiclayer/pgfcorepathconstruct.code.tex
File: pgfcorepathconstruct.code.tex 2023-01-15 v3.1.10 (3.1.10)
\pgf@path@lastx=\dimen291
\pgf@path@lasty=\dimen292
) (/usr/local/texlive/2024/texmf-dist/tex/generic/pgf/basiclayer/pgfcorepathusage.code.tex
File: pgfcorepathusage.code.tex 2023-01-15 v3.1.10 (3.1.10)
\pgf@shorten@end@additional=\dimen293
\pgf@shorten@start@additional=\dimen294
) (/usr/local/texlive/2024/texmf-dist/tex/generic/pgf/basiclayer/pgfcorescopes.code.tex
File: pgfcorescopes.code.tex 2023-01-15 v3.1.10 (3.1.10)
\pgfpic=\box113
\pgf@hbox=\box114
\pgf@layerbox@main=\box115
\pgf@picture@serial@count=\count336
) (/usr/local/texlive/2024/texmf-dist/tex/generic/pgf/basiclayer/pgfcoregraphicstate.code.tex
File: pgfcoregraphicstate.code.tex 2023-01-15 v3.1.10 (3.1.10)
\pgflinewidth=\dimen295
) (/usr/local/texlive/2024/texmf-dist/tex/generic/pgf/basiclayer/pgfcoretransformations.code.tex
File: pgfcoretransformations.code.tex 2023-01-15 v3.1.10 (3.1.10)
\pgf@pt@x=\dimen296
\pgf@pt@y=\dimen297
\pgf@pt@temp=\dimen298
) (/usr/local/texlive/2024/texmf-dist/tex/generic/pgf/basiclayer/pgfcorequick.code.tex
File: pgfcorequick.code.tex 2023-01-15 v3.1.10 (3.1.10)
) (/usr/local/texlive/2024/texmf-dist/tex/generic/pgf/basiclayer/pgfcoreobjects.code.tex
File: pgfcoreobjects.code.tex 2023-01-15 v3.1.10 (3.1.10)
) (/usr/local/texlive/2024/texmf-dist/tex/generic/pgf/basiclayer/pgfcorepathprocessing.code.tex
File: pgfcorepathprocessing.code.tex 2023-01-15 v3.1.10 (3.1.10)
) (/usr/local/texlive/2024/texmf-dist/tex/generic/pgf/basiclayer/pgfcorearrows.code.tex
File: pgfcorearrows.code.tex 2023-01-15 v3.1.10 (3.1.10)
\pgfarrowsep=\dimen299
) (/usr/local/texlive/2024/texmf-dist/tex/generic/pgf/basiclayer/pgfcoreshade.code.tex
File: pgfcoreshade.code.tex 2023-01-15 v3.1.10 (3.1.10)
\pgf@max=\dimen300
\pgf@sys@shading@range@num=\count337
\pgf@shadingcount=\count338
) (/usr/local/texlive/2024/texmf-dist/tex/generic/pgf/basiclayer/pgfcoreimage.code.tex
File: pgfcoreimage.code.tex 2023-01-15 v3.1.10 (3.1.10)
) (/usr/local/texlive/2024/texmf-dist/tex/generic/pgf/basiclayer/pgfcoreexternal.code.tex
File: pgfcoreexternal.code.tex 2023-01-15 v3.1.10 (3.1.10)
\pgfexternal@startupbox=\box116
) (/usr/local/texlive/2024/texmf-dist/tex/generic/pgf/basiclayer/pgfcorelayers.code.tex
File: pgfcorelayers.code.tex 2023-01-15 v3.1.10 (3.1.10)
) (/usr/local/texlive/2024/texmf-dist/tex/generic/pgf/basiclayer/pgfcoretransparency.code.tex
File: pgfcoretransparency.code.tex 2023-01-15 v3.1.10 (3.1.10)
) (/usr/local/texlive/2024/texmf-dist/tex/generic/pgf/basiclayer/pgfcorepatterns.code.tex
File: pgfcorepatterns.code.tex 2023-01-15 v3.1.10 (3.1.10)
) (/usr/local/texlive/2024/texmf-dist/tex/generic/pgf/basiclayer/pgfcorerdf.code.tex
File: pgfcorerdf.code.tex 2023-01-15 v3.1.10 (3.1.10)
))) (/usr/local/texlive/2024/texmf-dist/tex/generic/pgf/modules/pgfmoduleshapes.code.tex
File: pgfmoduleshapes.code.tex 2023-01-15 v3.1.10 (3.1.10)
\pgfnodeparttextbox=\box117
) (/usr/local/texlive/2024/texmf-dist/tex/generic/pgf/modules/pgfmoduleplot.code.tex
File: pgfmoduleplot.code.tex 2023-01-15 v3.1.10 (3.1.10)
) (/usr/local/texlive/2024/texmf-dist/tex/latex/pgf/compatibility/pgfcomp-version-0-65.sty
Package: pgfcomp-version-0-65 2023-01-15 v3.1.10 (3.1.10)
\pgf@nodesepstart=\dimen301
\pgf@nodesepend=\dimen302
) (/usr/local/texlive/2024/texmf-dist/tex/latex/pgf/compatibility/pgfcomp-version-1-18.sty
Package: pgfcomp-version-1-18 2023-01-15 v3.1.10 (3.1.10)
)) (/usr/local/texlive/2024/texmf-dist/tex/latex/pgf/utilities/pgffor.sty (/usr/local/texlive/2024/texmf-dist/tex/latex/pgf/utilities/pgfkeys.sty (/usr/local/texlive/2024/texmf-dist/tex/generic/pgf/utilities/pgfkeys.code.tex)) (/usr/local/texlive/2024/texmf-dist/tex/latex/pgf/math/pgfmath.sty (/usr/local/texlive/2024/texmf-dist/tex/generic/pgf/math/pgfmath.code.tex)) (/usr/local/texlive/2024/texmf-dist/tex/generic/pgf/utilities/pgffor.code.tex
Package: pgffor 2023-01-15 v3.1.10 (3.1.10)
\pgffor@iter=\dimen303
\pgffor@skip=\dimen304
\pgffor@stack=\toks43
\pgffor@toks=\toks44
)) (/usr/local/texlive/2024/texmf-dist/tex/generic/pgf/frontendlayer/tikz/tikz.code.tex
Package: tikz 2023-01-15 v3.1.10 (3.1.10)
 (/usr/local/texlive/2024/texmf-dist/tex/generic/pgf/libraries/pgflibraryplothandlers.code.tex
File: pgflibraryplothandlers.code.tex 2023-01-15 v3.1.10 (3.1.10)
\pgf@plot@mark@count=\count339
\pgfplotmarksize=\dimen305
)
\tikz@lastx=\dimen306
\tikz@lasty=\dimen307
\tikz@lastxsaved=\dimen308
\tikz@lastysaved=\dimen309
\tikz@lastmovetox=\dimen310
\tikz@lastmovetoy=\dimen311
\tikzleveldistance=\dimen312
\tikzsiblingdistance=\dimen313
\tikz@figbox=\box118
\tikz@figbox@bg=\box119
\tikz@tempbox=\box120
\tikz@tempbox@bg=\box121
\tikztreelevel=\count340
\tikznumberofchildren=\count341
\tikznumberofcurrentchild=\count342
\tikz@fig@count=\count343
 (/usr/local/texlive/2024/texmf-dist/tex/generic/pgf/modules/pgfmodulematrix.code.tex
File: pgfmodulematrix.code.tex 2023-01-15 v3.1.10 (3.1.10)
\pgfmatrixcurrentrow=\count344
\pgfmatrixcurrentcolumn=\count345
\pgf@matrix@numberofcolumns=\count346
)
\tikz@expandcount=\count347
 (/usr/local/texlive/2024/texmf-dist/tex/generic/pgf/frontendlayer/tikz/libraries/tikzlibrarytopaths.code.tex
File: tikzlibrarytopaths.code.tex 2023-01-15 v3.1.10 (3.1.10)
))) (/usr/local/texlive/2024/texmf-dist/tex/generic/iftex/ifluatex.sty
Package: ifluatex 2019/10/25 v1.5 ifluatex legacy package. Use iftex instead.
) (/usr/local/texlive/2024/texmf-dist/tex/latex/pgfopts/pgfopts.sty
Package: pgfopts 2014/07/10 v2.1a LaTeX package options with pgfkeys
\pgfopts@list@add@a@toks=\toks45
\pgfopts@list@add@b@toks=\toks46
) (/usr/local/texlive/2024/texmf-dist/tex/latex/tikz-feynman/tikzlibraryfeynman.code.tex (/usr/local/texlive/2024/texmf-dist/tex/generic/pgf/libraries/pgflibraryarrows.meta.code.tex
File: pgflibraryarrows.meta.code.tex 2023-01-15 v3.1.10 (3.1.10)
\pgfarrowinset=\dimen314
\pgfarrowlength=\dimen315
\pgfarrowwidth=\dimen316
\pgfarrowlinewidth=\dimen317
) (/usr/local/texlive/2024/texmf-dist/tex/generic/pgf/frontendlayer/tikz/libraries/tikzlibrarycalc.code.tex
File: tikzlibrarycalc.code.tex 2023-01-15 v3.1.10 (3.1.10)
) (/usr/local/texlive/2024/texmf-dist/tex/generic/pgf/frontendlayer/tikz/libraries/tikzlibrarydecorations.code.tex (/usr/local/texlive/2024/texmf-dist/tex/generic/pgf/modules/pgfmoduledecorations.code.tex
\pgfdecoratedcompleteddistance=\dimen318
\pgfdecoratedremainingdistance=\dimen319
\pgfdecoratedinputsegmentcompleteddistance=\dimen320
\pgfdecoratedinputsegmentremainingdistance=\dimen321
\pgf@decorate@distancetomove=\dimen322
\pgf@decorate@repeatstate=\count348
\pgfdecorationsegmentamplitude=\dimen323
\pgfdecorationsegmentlength=\dimen324
)
\tikz@lib@dec@box=\box122
) (/usr/local/texlive/2024/texmf-dist/tex/generic/pgf/frontendlayer/tikz/libraries/tikzlibrarydecorations.markings.code.tex (/usr/local/texlive/2024/texmf-dist/tex/generic/pgf/libraries/decorations/pgflibrarydecorations.markings.code.tex)) (/usr/local/texlive/2024/texmf-dist/tex/generic/pgf/frontendlayer/tikz/libraries/tikzlibrarydecorations.pathmorphing.code.tex (/usr/local/texlive/2024/texmf-dist/tex/generic/pgf/libraries/decorations/pgflibrarydecorations.pathmorphing.code.tex)) (/usr/local/texlive/2024/texmf-dist/tex/generic/pgf/frontendlayer/tikz/libraries/tikzlibrarydecorations.pathreplacing.code.tex (/usr/local/texlive/2024/texmf-dist/tex/generic/pgf/libraries/decorations/pgflibrarydecorations.pathreplacing.code.tex)) (/usr/local/texlive/2024/texmf-dist/tex/generic/pgf/frontendlayer/tikz/libraries/graphs/tikzlibrarygraphs.code.tex
File: tikzlibrarygraphs.code.tex 2023-01-15 v3.1.10 (3.1.10)
\tikz@lib@auto@number=\count349
\tikz@qnode@count=\count350
) (/usr/local/texlive/2024/texmf-dist/tex/generic/pgf/frontendlayer/tikz/libraries/tikzlibrarypatterns.code.tex
File: tikzlibrarypatterns.code.tex 2023-01-15 v3.1.10 (3.1.10)
 (/usr/local/texlive/2024/texmf-dist/tex/generic/pgf/libraries/pgflibrarypatterns.code.tex
File: pgflibrarypatterns.code.tex 2023-01-15 v3.1.10 (3.1.10)
)) (/usr/local/texlive/2024/texmf-dist/tex/generic/pgf/frontendlayer/tikz/libraries/tikzlibrarypositioning.code.tex
File: tikzlibrarypositioning.code.tex 2023-01-15 v3.1.10 (3.1.10)
) (/usr/local/texlive/2024/texmf-dist/tex/generic/pgf/frontendlayer/tikz/libraries/tikzlibraryshapes.geometric.code.tex
File: tikzlibraryshapes.geometric.code.tex 2023-01-15 v3.1.10 (3.1.10)
 (/usr/local/texlive/2024/texmf-dist/tex/generic/pgf/libraries/shapes/pgflibraryshapes.geometric.code.tex
File: pgflibraryshapes.geometric.code.tex 2023-01-15 v3.1.10 (3.1.10)
)) (/usr/local/texlive/2024/texmf-dist/tex/generic/pgf/graphdrawing/tex/tikzlibrarygraphdrawing.code.tex
File: tikzlibrarygraphdrawing.code.tex 2023-01-15 v3.1.10 (3.1.10)
 (/usr/local/texlive/2024/texmf-dist/tex/generic/pgf/graphdrawing/tex/pgflibrarygraphdrawing.code.tex
File: pgflibrarygraphdrawing.code.tex 2023-01-15 v3.1.10 (3.1.10)
\pgf@gd@parameter@stack@height=\count351
\pgf@gd@node@box=\box123
\pgf@gd@edge@box=\box124
\pgf@gd@prekind@box=\box125
\pgf@gd@postkind@box=\box126
)) (/usr/local/texlive/2024/texmf-dist/tex/latex/tikz-feynman/tikzfeynman.keys.code.tex))) (/usr/local/texlive/2024/texmf-dist/tex/latex/listings/listings.sty
\lst@mode=\count352
\lst@gtempboxa=\box127
\lst@token=\toks47
\lst@length=\count353
\lst@currlwidth=\dimen325
\lst@column=\count354
\lst@pos=\count355
\lst@lostspace=\dimen326
\lst@width=\dimen327
\lst@newlines=\count356
\lst@lineno=\count357
\lst@maxwidth=\dimen328
 (/usr/local/texlive/2024/texmf-dist/tex/latex/listings/lstpatch.sty
File: lstpatch.sty 2024/03/11 1.10a (Carsten Heinz)
) (/usr/local/texlive/2024/texmf-dist/tex/latex/listings/lstmisc.sty
File: lstmisc.sty 2024/03/11 1.10a (Carsten Heinz)
\c@lstnumber=\count358
\lst@skipnumbers=\count359
\lst@framebox=\box128
) (/usr/local/texlive/2024/texmf-dist/tex/latex/listings/listings.cfg
File: listings.cfg 2024/03/11 1.10a listings configuration
))
Package: listings 2024/03/11 1.10a (Carsten Heinz)
 (/usr/local/texlive/2024/texmf-dist/tex/latex/minted/minted.sty
Package: minted 2023/12/18 v2.9 Yet another Pygments shim for LaTeX
 (/usr/local/texlive/2024/texmf-dist/tex/latex/fvextra/fvextra.sty
Package: fvextra 2024/05/16 v1.7.0 fvextra - extensions and patches for fancyvrb
 (/usr/local/texlive/2024/texmf-dist/tex/latex/fancyvrb/fancyvrb.sty
Package: fancyvrb 2024/01/20 4.5c verbatim text (tvz,hv)
\FV@CodeLineNo=\count360
\FV@InFile=\read3
\FV@TabBox=\box129
\c@FancyVerbLine=\count361
\FV@StepNumber=\count362
\FV@OutFile=\write4
) (/usr/local/texlive/2024/texmf-dist/tex/latex/upquote/upquote.sty
Package: upquote 2012/04/19 v1.3 upright-quote and grave-accent glyphs in verbatim
 (/usr/local/texlive/2024/texmf-dist/tex/latex/base/textcomp.sty
Package: textcomp 2020/02/02 v2.0n Standard LaTeX package
)) (/usr/local/texlive/2024/texmf-dist/tex/latex/lineno/lineno.sty
Package: lineno 2023/05/20 line numbers on paragraphs v5.3
\linenopenalty=\count363
\output=\toks48
\linenoprevgraf=\count364
\linenumbersep=\dimen329
\linenumberwidth=\dimen330
\c@linenumber=\count365
\c@pagewiselinenumber=\count366
\c@LN@truepage=\count367
\c@internallinenumber=\count368
\c@internallinenumbers=\count369
\quotelinenumbersep=\dimen331
\bframerule=\dimen332
\bframesep=\dimen333
\bframebox=\box130
\linenoamsmath@ams@eqpen=\count370
LaTeX Info: Redefining \\ on input line 3180.
)
\c@FancyVerbWriteLine=\count371
\c@FancyVerbBufferIndex=\count372
\c@FancyVerbBufferLength=\count373
\c@FancyVerbBufferLine=\count374
\c@FV@oldbufferlength=\count375
\c@FV@TrueTabGroupLevel=\count376
\c@FV@TrueTabCounter=\count377
\FV@TabBox@Group=\box131
\FV@TmpLength=\skip66
\c@FV@HighlightLinesStart=\count378
\c@FV@HighlightLinesStop=\count379
\FV@LoopCount=\count380
\FV@NCharsBox=\box132
\FV@BreakIndent=\dimen334
\FV@BreakIndentNChars=\count381
\FV@BreakSymbolSepLeft=\dimen335
\FV@BreakSymbolSepLeftNChars=\count382
\FV@BreakSymbolSepRight=\dimen336
\FV@BreakSymbolSepRightNChars=\count383
\FV@BreakSymbolIndentLeft=\dimen337
\FV@BreakSymbolIndentLeftNChars=\count384
\FV@BreakSymbolIndentRight=\dimen338
\FV@BreakSymbolIndentRightNChars=\count385
\c@FancyVerbLineBreakLast=\count386
\FV@LineBox=\box133
\FV@LineIndentBox=\box134
\c@FV@BreakBufferDepth=\count387
\FV@LineWidth=\dimen339
) (/usr/local/texlive/2024/texmf-dist/tex/latex/base/ifthen.sty
Package: ifthen 2022/04/13 v1.1d Standard LaTeX ifthen package (DPC)
) (/usr/local/texlive/2024/texmf-dist/tex/latex/tools/shellesc.sty
Package: shellesc 2023/07/08 v1.0d unified shell escape interface for LaTeX
Package shellesc Info: Unrestricted shell escape enabled on input line 75.
)
(/usr/local/texlive/2024/texmf-dist/tex/latex/ifplatform/ifplatform.sty
Package: ifplatform 2017/10/13 v0.4a Testing for the operating system
 (/usr/local/texlive/2024/texmf-dist/tex/generic/catchfile/catchfile.sty
Package: catchfile 2019/12/09 v1.8 Catch the contents of a file (HO)
)
runsystem(uname -s > "Report.w18")...executed.
 (./Report.w18)
runsystem(rm -- "Report.w18")...executed.
) (/usr/local/texlive/2024/texmf-dist/tex/generic/xstring/xstring.sty (/usr/local/texlive/2024/texmf-dist/tex/generic/xstring/xstring.tex
\xs_counta=\count388
\xs_countb=\count389
)
Package: xstring 2023/08/22 v1.86 String manipulations (CT)
) (/usr/local/texlive/2024/texmf-dist/tex/latex/framed/framed.sty
Package: framed 2011/10/22 v 0.96: framed or shaded text with page breaks
\OuterFrameSep=\skip67
\fb@frw=\dimen340
\fb@frh=\dimen341
\FrameRule=\dimen342
\FrameSep=\dimen343
) (/usr/local/texlive/2024/texmf-dist/tex/latex/float/float.sty
Package: float 2001/11/08 v1.3d Float enhancements (AL)
\c@float@type=\count390
\float@exts=\toks49
\float@box=\box135
\@float@everytoks=\toks50
\@floatcapt=\box136
)
\minted@appexistsfile=\read4
\minted@bgbox=\box137
\minted@code=\write5
\c@minted@FancyVerbLineTemp=\count391
\c@minted@pygmentizecounter=\count392
\@float@every@listing=\toks51
\c@listing=\count393
)
runsystem(mkdir -p _minted-Report)...executed.
)
runsystem(command -v pygmentize && touch Report.aex)...executed.
runsystem(rm Report.aex)...executed.
 (/usr/local/texlive/2024/texmf-dist/tex/latex/l3backend/l3backend-luatex.def
File: l3backend-luatex.def 2024-04-11 L3 backend support: PDF output (LuaTeX)
\l__color_backend_stack_int=\count394
Inserting `l3color' in `luaotfload.parse_color'.
\l__pdf_internal_box=\box138
) (./Report.aux)
\openout1 = Report.aux

LaTeX Font Info:    Checking defaults for OML/cmm/m/it on input line 10.
LaTeX Font Info:    ... okay on input line 10.
LaTeX Font Info:    Checking defaults for OMS/cmsy/m/n on input line 10.
LaTeX Font Info:    ... okay on input line 10.
LaTeX Font Info:    Checking defaults for OT1/cmr/m/n on input line 10.
LaTeX Font Info:    ... okay on input line 10.
LaTeX Font Info:    Checking defaults for T1/cmr/m/n on input line 10.
LaTeX Font Info:    ... okay on input line 10.
LaTeX Font Info:    Checking defaults for TS1/cmr/m/n on input line 10.
LaTeX Font Info:    Trying to load font information for TS1+cmr on input line 10.
 (/usr/local/texlive/2024/texmf-dist/tex/latex/base/ts1cmr.fd
File: ts1cmr.fd 2023/04/13 v2.5m Standard LaTeX font definitions
)
LaTeX Font Info:    ... okay on input line 10.
LaTeX Font Info:    Checking defaults for TU/lmr/m/n on input line 10.
LaTeX Font Info:    ... okay on input line 10.
LaTeX Font Info:    Checking defaults for OMX/cmex/m/n on input line 10.
LaTeX Font Info:    ... okay on input line 10.
LaTeX Font Info:    Checking defaults for U/cmr/m/n on input line 10.
LaTeX Font Info:    ... okay on input line 10.
LaTeX Font Info:    Checking defaults for PD1/pdf/m/n on input line 10.
LaTeX Font Info:    ... okay on input line 10.
LaTeX Font Info:    Checking defaults for PU/pdf/m/n on input line 10.
LaTeX Font Info:    ... okay on input line 10.

*geometry* driver: auto-detecting
*geometry* detected driver: luatex
*geometry* verbose mode - [ preamble ] result:
* driver: luatex
* paper: <default>
* layout: <same size as paper>
* layoutoffset:(h,v)=(0.0pt,0.0pt)
* modes: 
* h-part:(L,W,R)=(72.26999pt, 469.75502pt, 72.26999pt)
* v-part:(T,H,B)=(72.26999pt, 650.43001pt, 72.26999pt)
* \paperwidth=614.295pt
* \paperheight=794.96999pt
* \textwidth=469.75502pt
* \textheight=650.43001pt
* \oddsidemargin=0.0pt
* \evensidemargin=0.0pt
* \topmargin=-37.0pt
* \headheight=12.0pt
* \headsep=25.0pt
* \topskip=10.0pt
* \footskip=30.0pt
* \marginparwidth=65.0pt
* \marginparsep=11.0pt
* \columnsep=10.0pt
* \skip\footins=9.0pt plus 4.0pt minus 2.0pt
* \hoffset=0.0pt
* \voffset=0.0pt
* \mag=1000
* \@twocolumnfalse
* \@twosidefalse
* \@mparswitchfalse
* \@reversemarginfalse
* (1in=72.27pt=25.4mm, 1cm=28.453pt)

Package hyperref Info: Link coloring OFF on input line 10.
(./Report.out) (./Report.out)
\@outlinefile=\write6

\openout6 = Report.out
Package caption Info: Begin \AtBeginDocument code.
Package caption Info: float package is loaded.
Package caption Info: listings package is loaded.
Package caption Info: End \AtBeginDocument code.
 (/usr/local/texlive/2024/texmf-dist/tex/context/base/mkii/supp-pdf.mkii
[Loading MPS to PDF converter (version 2006.09.02).]
\scratchcounter=\count395
\scratchdimen=\dimen344
\scratchbox=\box139
\nofMPsegments=\count396
\nofMParguments=\count397
\everyMPshowfont=\toks52
\MPscratchCnt=\count398
\MPscratchDim=\dimen345
\MPnumerator=\count399
\makeMPintoPDFobject=\count400
\everyMPtoPDFconversion=\toks53
) (/usr/local/texlive/2024/texmf-dist/tex/latex/epstopdf-pkg/epstopdf-base.sty
Package: epstopdf-base 2020-01-24 v2.11 Base part for package epstopdf
Package epstopdf-base Info: Redefining graphics rule for `.eps' on input line 485.
 (/usr/local/texlive/2024/texmf-dist/tex/latex/latexconfig/epstopdf-sys.cfg
File: epstopdf-sys.cfg 2010/07/13 v1.3 Configuration of (r)epstopdf for TeX Live
))
\c@lstlisting=\count401
LaTeX Font Info:    Trying to load font information for U+msa on input line 12.
 (/usr/local/texlive/2024/texmf-dist/tex/latex/amsfonts/umsa.fd
File: umsa.fd 2013/01/14 v3.01 AMS symbols A
)
LaTeX Font Info:    Trying to load font information for U+msb on input line 12.
 (/usr/local/texlive/2024/texmf-dist/tex/latex/amsfonts/umsb.fd
File: umsb.fd 2013/01/14 v3.01 AMS symbols B
) [1

{/usr/local/texlive/2024/texmf-var/fonts/map/pdftex/updmap/pdftex.map}] (./Report.toc)
\tf@toc=\write7

\openout7 = Report.toc

warning  (pdf backend): ignoring duplicate destination with the name 'page.1'
[1] (./res/Sections/Introduction.tex [2] (./res/FeynmanDiagrams/conventionalLQPairProdAtLO.tex)) (./res/Sections/AsymmPairProd.tex [3] (./res/FeynmanDiagrams/s1r2FeynmanDiagram.tex) [4] (./res/FeynmanDiagrams/mainAsymmProdContribution.tex)) (./res/Sections/Methodology.tex [5]
\openout5 = Report.pyg
 (./_minted-Report/default.pygstyle) (./_minted-Report/52A2823B0A72E5BAF6929DA8DD75A19D6DD03C67CF2BA5D104D8B59F55196DED.pygtex)
\openout5 = Report.pyg
 (./_minted-Report/5865F31CC6073F50797BE8AB6D02D5736DD03C67CF2BA5D104D8B59F55196DED.pygtex)
<res/ValidationPlots/h_pt_tau.png, id=203, 959.585pt x 574.145pt>
File: res/ValidationPlots/h_pt_tau.png Graphic file (type png)
<use res/ValidationPlots/h_pt_tau.png>
Package luatex.def Info: res/ValidationPlots/h_pt_tau.png  used on input line 16.
(luatex.def)             Requested size: 191.91359pt x 114.82697pt.
<res/ValidationPlots/h_deltaR_s1.png, id=204, 959.585pt x 574.145pt>
File: res/ValidationPlots/h_deltaR_s1.png Graphic file (type png)
<use res/ValidationPlots/h_deltaR_s1.png>
Package luatex.def Info: res/ValidationPlots/h_deltaR_s1.png  used on input line 17.
(luatex.def)             Requested size: 191.91359pt x 114.82697pt.
<res/ValidationPlots/h_phi_mu.png, id=205, 959.585pt x 574.145pt>
File: res/ValidationPlots/h_phi_mu.png Graphic file (type png)
<use res/ValidationPlots/h_phi_mu.png>
Package luatex.def Info: res/ValidationPlots/h_phi_mu.png  used on input line 18.
(luatex.def)             Requested size: 191.91359pt x 114.82697pt.
<res/ValidationPlots/h_pt_jet.png, id=206, 959.585pt x 574.145pt>
File: res/ValidationPlots/h_pt_jet.png Graphic file (type png)
<use res/ValidationPlots/h_pt_jet.png>
Package luatex.def Info: res/ValidationPlots/h_pt_jet.png  used on input line 19.
(luatex.def)             Requested size: 191.91359pt x 114.82697pt.
) (./res/Sections/Analysis.tex [6] (./res/Sections/Analysis/Analysis_ttH.tex [7<./res/ValidationPlots/h_pt_tau.png><./res/ValidationPlots/h_deltaR_s1.png><./res/ValidationPlots/h_phi_mu.png><./res/ValidationPlots/h_pt_jet.png>]
\openout4 = Report.pyg
 (./_minted-Report/CAA6BF24B70E985D93A8E708C691BFA5AAB44DE86CC8C4D071D9BDB91E860396.pygtex)
\openout5 = Report.pyg
 (./_minted-Report/043EA836E669254F73A68A57A4B8BF15AAB44DE86CC8C4D071D9BDB91E860396.pygtex)
\openout5 = Report.pyg
 (./_minted-Report/D1191FAD9B403956FC6A12322A6C18FBAAB44DE86CC8C4D071D9BDB91E860396.pygtex)
\openout5 = Report.pyg
 (./_minted-Report/E37621DA8CB41663EAC91F4D8B470D25AAB44DE86CC8C4D071D9BDB91E860396.pygtex)
\openout5 = Report.pyg
 (./_minted-Report/820E2664A8D928B071C8420305DF0944AAB44DE86CC8C4D071D9BDB91E860396.pygtex)
\openout4 = Report.pyg
 (./_minted-Report/0C124ADF763BA48829AEBDF59B4B5FC2AAB44DE86CC8C4D071D9BDB91E860396.pygtex)
\openout5 = Report.pyg
 (./_minted-Report/3A4C080C78F5EE14BDDE0076D5F04246AAB44DE86CC8C4D071D9BDB91E860396.pygtex)
\openout5 = Report.pyg
 (./_minted-Report/E37621DA8CB41663EAC91F4D8B470D25AAB44DE86CC8C4D071D9BDB91E860396.pygtex) (./res/Figures/tauAndLeadingLepPt.tex
<res/AnalysisPlots/lep-pt-0.png, id=236, 598.235pt x 674.52pt>
File: res/AnalysisPlots/lep-pt-0.png Graphic file (type png)
<use res/AnalysisPlots/lep-pt-0.png>
Package luatex.def Info: res/AnalysisPlots/lep-pt-0.png  used on input line 4.
(luatex.def)             Requested size: 179.47188pt x 202.35756pt.
<res/AnalysisPlots/tau-pt-0.png, id=237, 598.235pt x 674.52pt>
File: res/AnalysisPlots/tau-pt-0.png Graphic file (type png)
<use res/AnalysisPlots/tau-pt-0.png>
Package luatex.def Info: res/AnalysisPlots/tau-pt-0.png  used on input line 5.
(luatex.def)             Requested size: 179.47188pt x 202.35756pt.
)
\openout5 = Report.pyg
 (./_minted-Report/C474460F85CCBEC13AB7E0DF99A7DF9C6DD03C67CF2BA5D104D8B59F55196DED.pygtex) [8] (./res/Figures/rocSignalAndBackground.tex
<res/MLPlots/ROC_ttH.png, id=253, 803.0pt x 803.0pt>
File: res/MLPlots/ROC_ttH.png Graphic file (type png)
<use res/MLPlots/ROC_ttH.png>
Package luatex.def Info: res/MLPlots/ROC_ttH.png  used on input line 4.
(luatex.def)             Requested size: 200.74951pt x 200.74951pt.
<res/MLPlots/ROC_ttW.png, id=254, 803.0pt x 803.0pt>
File: res/MLPlots/ROC_ttW.png Graphic file (type png)
<use res/MLPlots/ROC_ttW.png>
Package luatex.def Info: res/MLPlots/ROC_ttW.png  used on input line 5.
(luatex.def)             Requested size: 200.74951pt x 200.74951pt.
)
\openout5 = Report.pyg
 (./_minted-Report/034348F7D4C147689D381C590C5E2A24AAB44DE86CC8C4D071D9BDB91E860396.pygtex) [9<./res/AnalysisPlots/lep-pt-0.png><./res/AnalysisPlots/tau-pt-0.png>] (./res/Figures/probsttH.tex
<res/AnalysisPlots/probs-ttH.png, id=263, 598.235pt x 674.52pt>
File: res/AnalysisPlots/probs-ttH.png Graphic file (type png)
<use res/AnalysisPlots/probs-ttH.png>
Package luatex.def Info: res/AnalysisPlots/probs-ttH.png  used on input line 4.
(luatex.def)             Requested size: 239.28975pt x 269.80322pt.
)) (./res/Sections/Analysis/Analysis_LQ.tex)) (./res/Sections/Discussion.tex) (./res/Sections/Acknowledgements.tex [10<./res/MLPlots/ROC_ttH.png><./res/MLPlots/ROC_ttW.png>]) [11<./res/AnalysisPlots/probs-ttH.png>] (./res/Sections/Appendix.tex [12] (./res/Figures/additionalValidationPlots.tex
File: res/AnalysisPlots/lep-pt-0.png Graphic file (type png)
<use res/AnalysisPlots/lep-pt-0.png>
Package luatex.def Info: res/AnalysisPlots/lep-pt-0.png  used on input line 4.
(luatex.def)             Requested size: 149.55838pt x 168.62958pt.
<res/AnalysisPlots/lep-pt-1.png, id=283, 598.235pt x 674.52pt>
File: res/AnalysisPlots/lep-pt-1.png Graphic file (type png)
<use res/AnalysisPlots/lep-pt-1.png>
Package luatex.def Info: res/AnalysisPlots/lep-pt-1.png  used on input line 5.
(luatex.def)             Requested size: 149.55838pt x 168.62958pt.
<res/AnalysisPlots/n-jets.png, id=284, 598.235pt x 674.52pt>
File: res/AnalysisPlots/n-jets.png Graphic file (type png)
<use res/AnalysisPlots/n-jets.png>
Package luatex.def Info: res/AnalysisPlots/n-jets.png  used on input line 6.
(luatex.def)             Requested size: 149.55838pt x 168.62958pt.
File: res/AnalysisPlots/tau-pt-0.png Graphic file (type png)
<use res/AnalysisPlots/tau-pt-0.png>
Package luatex.def Info: res/AnalysisPlots/tau-pt-0.png  used on input line 7.
(luatex.def)             Requested size: 149.55838pt x 168.62958pt.
<res/AnalysisPlots/mlep-all-met.png, id=285, 598.235pt x 674.52pt>
File: res/AnalysisPlots/mlep-all-met.png Graphic file (type png)
<use res/AnalysisPlots/mlep-all-met.png>
Package luatex.def Info: res/AnalysisPlots/mlep-all-met.png  used on input line 8.
(luatex.def)             Requested size: 149.55838pt x 168.62958pt.
<res/AnalysisPlots/mtlep-all-met.png, id=286, 598.235pt x 674.52pt>
File: res/AnalysisPlots/mtlep-all-met.png Graphic file (type png)
<use res/AnalysisPlots/mtlep-all-met.png>
Package luatex.def Info: res/AnalysisPlots/mtlep-all-met.png  used on input line 9.
(luatex.def)             Requested size: 149.55838pt x 168.62958pt.
) [13<./res/AnalysisPlots/lep-pt-1.png><./res/AnalysisPlots/n-jets.png><./res/AnalysisPlots/mlep-all-met.png><./res/AnalysisPlots/mtlep-all-met.png>]
Overfull \hbox (14.55257pt too wide) in paragraph at lines 34--35
[]\TU/lmr/m/it/10 cust-Trig-Match_Loo-seID_FCLoo-seIso_SLTorDLT 
 []


Overfull \hbox (10.38257pt too wide) in paragraph at lines 39--40
[]\TU/lmr/m/it/10 lep_chargeI-DB-DTRe-sult_re-calc_rel207_tight_X 
 []


Overfull \hbox (7.68257pt too wide) in paragraph at lines 66--67
[]\TU/lmr/m/it/10 lep_chargeI-DB-DTRe-sult_re-calc_rel207_tight_0 
 []

) [14] (./Report.bbl) [15] (./Report.aux)
 ***********
LaTeX2e <2023-11-01> patch level 1
L3 programming layer <2024-04-11>
 ***********
Package rerunfilecheck Info: File `Report.out' has not changed.
(rerunfilecheck)             Checksum: 57DB8FA0EBD656760684B212AE7C6921;3680.
runsystem(rm Report.pyg)...executed.
)

Here is how much of LuaTeX's memory you used:
 36772 strings out of 476381
 125016,1977958 words of node,token memory allocated
 737 words of node memory still in use:
   8 hlist, 2 vlist, 2 rule, 10 glue, 4 kern, 2 glyph, 33 attribute, 63 glue_spec, 33 attribute_list, 2 write, 1 pdf_action nodes
   avail lists: 1:10,2:2291,3:908,4:298,5:670,6:151,7:11142,8:84,9:938,10:17,11:771
 57176 multiletter control sequences out of 65536+600000
 87 fonts using 6378447 bytes
 131i,14n,127p,1416b,2060s stack positions out of 10000i,1000n,20000p,200000b,200000s
</usr/local/texlive/2024/texmf-dist/fonts/opentype/public/lm/lmroman10-italic.otf></usr/local/texlive/2024/texmf-dist/fonts/opentype/public/lm/lmmono8-regular.otf></usr/local/texlive/2024/texmf-dist/fonts/opentype/public/lm/lmmono10-regular.otf></usr/local/texlive/2024/texmf-dist/fonts/opentype/public/lm/lmromancaps10-regular.otf></usr/local/texlive/2024/texmf-dist/fonts/opentype/public/lm/lmroman8-regular.otf></usr/local/texlive/2024/texmf-dist/fonts/opentype/public/lm/lmroman6-regular.otf></usr/local/texlive/2024/texmf-dist/fonts/opentype/public/lm/lmroman7-regular.otf></usr/local/texlive/2024/texmf-dist/fonts/opentype/public/lm/lmroman10-regular.otf></usr/local/texlive/2024/texmf-dist/fonts/opentype/public/lm/lmroman10-bold.otf></usr/local/texlive/2024/texmf-dist/fonts/opentype/public/lm/lmroman12-bold.otf></usr/local/texlive/2024/texmf-dist/fonts/opentype/public/lm/lmroman12-regular.otf></usr/local/texlive/2024/texmf-dist/fonts/opentype/public/lm/lmroman17-regular.otf></usr/local/texlive/2024/texmf-dist/fonts/type1/public/amsfonts/cm/cmbx10.pfb></usr/local/texlive/2024/texmf-dist/fonts/type1/public/amsfonts/cm/cmex10.pfb></usr/local/texlive/2024/texmf-dist/fonts/type1/public/amsfonts/cm/cmmi10.pfb></usr/local/texlive/2024/texmf-dist/fonts/type1/public/amsfonts/cm/cmmi12.pfb></usr/local/texlive/2024/texmf-dist/fonts/type1/public/amsfonts/cm/cmmi5.pfb></usr/local/texlive/2024/texmf-dist/fonts/type1/public/amsfonts/cm/cmmi6.pfb></usr/local/texlive/2024/texmf-dist/fonts/type1/public/amsfonts/cm/cmmi7.pfb></usr/local/texlive/2024/texmf-dist/fonts/type1/public/amsfonts/cm/cmmi8.pfb></usr/local/texlive/2024/texmf-dist/fonts/type1/public/amsfonts/cm/cmr10.pfb></usr/local/texlive/2024/texmf-dist/fonts/type1/public/amsfonts/cm/cmr12.pfb></usr/local/texlive/2024/texmf-dist/fonts/type1/public/amsfonts/cm/cmr6.pfb></usr/local/texlive/2024/texmf-dist/fonts/type1/public/amsfonts/cm/cmr7.pfb></usr/local/texlive/2024/texmf-dist/fonts/type1/public/amsfonts/cm/cmr8.pfb></usr/local/texlive/2024/texmf-dist/fonts/type1/public/amsfonts/cm/cmsy10.pfb></usr/local/texlive/2024/texmf-dist/fonts/type1/public/amsfonts/cm/cmsy5.pfb></usr/local/texlive/2024/texmf-dist/fonts/type1/public/amsfonts/cm/cmsy7.pfb></usr/local/texlive/2024/texmf-dist/fonts/type1/public/amsfonts/cm/cmsy8.pfb></usr/local/texlive/2024/texmf-dist/fonts/type1/public/amsfonts/symbols/msam10.pfb></usr/local/texlive/2024/texmf-dist/fonts/type1/public/amsfonts/symbols/msam7.pfb>
Output written on Report.pdf (16 pages, 539830 bytes).

PDF statistics: 441 PDF objects out of 1000 (max. 8388607)
 348 compressed objects within 4 object streams
 73 named destinations out of 1000 (max. 131072)
 176 words of extra memory for PDF output out of 10000 (max. 100000000)

